  MMServer.c
C:\Users\BERNARDO\Desktop\Ziniax Warriors\ZiniaxWarriors\MatchMakingServer\MMServer.c(140,43): warning C4047: '==': 'SOCKET' differs in levels of indirection from 'void *'
C:\Users\BERNARDO\Desktop\Ziniax Warriors\ZiniaxWarriors\MatchMakingServer\MMServer.c(227,13): warning C4013: 'gets' undefined; assuming extern returning int
C:\Users\BERNARDO\Desktop\Ziniax Warriors\ZiniaxWarriors\MatchMakingServer\MMServer.c(250,1): warning C4047: 'initializing': 'int' differs in levels of indirection from 'int *'
C:\Users\BERNARDO\Desktop\Ziniax Warriors\ZiniaxWarriors\MatchMakingServer\MMServer.c(327,30): warning C4020: 'strcpy': too many actual parameters
C:\Users\BERNARDO\Desktop\Ziniax Warriors\ZiniaxWarriors\MatchMakingServer\MMServer.c(353,21): warning C4098: 'HandleServerSocket': 'void' function returning a value
C:\Users\BERNARDO\Desktop\Ziniax Warriors\ZiniaxWarriors\MatchMakingServer\MMServer.c(356,15): warning C4013: '_endthread' undefined; assuming extern returning int
C:\Users\BERNARDO\Desktop\Ziniax Warriors\ZiniaxWarriors\MatchMakingServer\MMServer.c(367,10): warning C4101: 'msgbuf': unreferenced local variable
C:\Users\BERNARDO\Desktop\Ziniax Warriors\ZiniaxWarriors\MatchMakingServer\MMServer.c(483,17): warning C4098: 'AcceptSockets': 'void' function returning a value
C:\Users\BERNARDO\Desktop\Ziniax Warriors\ZiniaxWarriors\MatchMakingServer\MMServer.c(496,35): warning C4020: 'strcpy': too many actual parameters
C:\Users\BERNARDO\Desktop\Ziniax Warriors\ZiniaxWarriors\MatchMakingServer\MMServer.c(573,29): warning C4013: '_beginthread' undefined; assuming extern returning int
C:\Users\BERNARDO\Desktop\Ziniax Warriors\ZiniaxWarriors\MatchMakingServer\MMServer.c(785,43): warning C4020: 'strcpy': too many actual parameters
C:\Users\BERNARDO\Desktop\Ziniax Warriors\ZiniaxWarriors\MatchMakingServer\MMServer.c(817,39): warning C4020: 'strcpy': too many actual parameters
C:\Users\BERNARDO\Desktop\Ziniax Warriors\ZiniaxWarriors\MatchMakingServer\MMServer.c(712,1): warning C4047: 'initializing': 'int' differs in levels of indirection from 'int *'
C:\Users\BERNARDO\Desktop\Ziniax Warriors\ZiniaxWarriors\MatchMakingServer\MMServer.c(882,39): warning C4020: 'strcpy': too many actual parameters
C:\Users\BERNARDO\Desktop\Ziniax Warriors\ZiniaxWarriors\MatchMakingServer\MMServer.c(860,1): warning C4047: 'initializing': 'int' differs in levels of indirection from 'int *'
C:\Users\BERNARDO\Desktop\Ziniax Warriors\ZiniaxWarriors\MatchMakingServer\MMServer.c(1091,29): warning C4047: 'function': 'SOCKET' differs in levels of indirection from 'SOCKET [2]'
C:\Users\BERNARDO\Desktop\Ziniax Warriors\ZiniaxWarriors\MatchMakingServer\MMServer.c(1091,17): warning C4024: 'closesocket': different types for formal and actual parameter 1
C:\Users\BERNARDO\Desktop\Ziniax Warriors\ZiniaxWarriors\MatchMakingServer\MMServer.c(993,10): warning C4101: 'recvbuf': unreferenced local variable
C:\Users\BERNARDO\Desktop\Ziniax Warriors\ZiniaxWarriors\MatchMakingServer\MMServer.c(992,9): warning C4101: 'iSendResult': unreferenced local variable
  MatchMakingServer.vcxproj -> C:\Users\BERNARDO\Desktop\Ziniax Warriors\ZiniaxWarriors\MatchMakingServer\Debug\MatchMakingServer.exe
